<?xml version="1.0" encoding="UTF-8"?>
<testsuite xmlns:xsi="http://www.w3.org/2001/XMLSchema-instance" xsi:noNamespaceSchemaLocation="https://maven.apache.org/surefire/maven-surefire-plugin/xsd/surefire-test-report-3.0.xsd" version="3.0" name="com.zkz.dao.BookDaoTest" time="0.707" tests="8" errors="0" skipped="0" failures="0">
  <properties>
    <property name="java.specification.version" value="21"/>
    <property name="sun.cpu.isalist" value="amd64"/>
    <property name="sun.jnu.encoding" value="GBK"/>
    <property name="java.class.path" value="E:\project\ssls\target\test-classes;E:\project\ssls\target\classes;C:\Users\16628\.m2\repository\commons-fileupload\commons-fileupload\1.4\commons-fileupload-1.4.jar;C:\Users\16628\.m2\repository\commons-io\commons-io\2.11.0\commons-io-2.11.0.jar;C:\Users\16628\.m2\repository\org\springframework\spring-jdbc\5.3.17\spring-jdbc-5.3.17.jar;C:\Users\16628\.m2\repository\org\springframework\spring-beans\5.3.17\spring-beans-5.3.17.jar;C:\Users\16628\.m2\repository\org\springframework\spring-core\5.3.17\spring-core-5.3.17.jar;C:\Users\16628\.m2\repository\org\springframework\spring-jcl\5.3.17\spring-jcl-5.3.17.jar;C:\Users\16628\.m2\repository\org\springframework\spring-tx\5.3.17\spring-tx-5.3.17.jar;C:\Users\16628\.m2\repository\com\alibaba\druid\1.2.8\druid-1.2.8.jar;C:\Users\16628\.m2\repository\javax\annotation\javax.annotation-api\1.3.2\javax.annotation-api-1.3.2.jar;C:\Users\16628\.m2\repository\commons-logging\commons-logging\1.2\commons-logging-1.2.jar;C:\Users\16628\.m2\repository\mysql\mysql-connector-java\8.0.28\mysql-connector-java-8.0.28.jar;C:\Users\16628\.m2\repository\com\google\protobuf\protobuf-java\3.11.4\protobuf-java-3.11.4.jar;C:\Users\16628\.m2\repository\org\apache\taglibs\taglibs-standard-spec\1.2.1\taglibs-standard-spec-1.2.1.jar;C:\Users\16628\.m2\repository\org\apache\taglibs\taglibs-standard-impl\1.2.1\taglibs-standard-impl-1.2.1.jar;C:\Users\16628\.m2\repository\javax\servlet\javax.servlet-api\4.0.1\javax.servlet-api-4.0.1.jar;C:\Users\16628\.m2\repository\org\junit\jupiter\junit-jupiter-api\5.8.1\junit-jupiter-api-5.8.1.jar;C:\Users\16628\.m2\repository\org\opentest4j\opentest4j\1.2.0\opentest4j-1.2.0.jar;C:\Users\16628\.m2\repository\org\junit\platform\junit-platform-commons\1.8.1\junit-platform-commons-1.8.1.jar;C:\Users\16628\.m2\repository\org\apiguardian\apiguardian-api\1.1.2\apiguardian-api-1.1.2.jar;C:\Users\16628\.m2\repository\org\junit\jupiter\junit-jupiter-engine\5.8.1\junit-jupiter-engine-5.8.1.jar;C:\Users\16628\.m2\repository\org\junit\platform\junit-platform-engine\1.8.1\junit-platform-engine-1.8.1.jar;"/>
    <property name="java.vm.vendor" value="Red Hat, Inc."/>
    <property name="sun.arch.data.model" value="64"/>
    <property name="user.variant" value=""/>
    <property name="java.vendor.url" value="https://access.redhat.com/"/>
    <property name="user.timezone" value="Asia/Shanghai"/>
    <property name="os.name" value="Windows 10"/>
    <property name="java.vm.specification.version" value="21"/>
    <property name="sun.java.launcher" value="SUN_STANDARD"/>
    <property name="user.country" value="CN"/>
    <property name="sun.boot.library.path" value="D:\Aenvironment_deply\java-21-openjdk-21.0.4.0.7-1\bin"/>
    <property name="sun.java.command" value="C:\Users\16628\AppData\Local\Temp\surefire6653534817940736719\surefirebooter-20241015173835544_3.jar C:\Users\16628\AppData\Local\Temp\surefire6653534817940736719 2024-10-15T17-38-35_339-jvmRun1 surefire-20241015173835544_1tmp surefire_0-20241015173835544_2tmp"/>
    <property name="jdk.debug" value="release"/>
    <property name="surefire.test.class.path" value="E:\project\ssls\target\test-classes;E:\project\ssls\target\classes;C:\Users\16628\.m2\repository\commons-fileupload\commons-fileupload\1.4\commons-fileupload-1.4.jar;C:\Users\16628\.m2\repository\commons-io\commons-io\2.11.0\commons-io-2.11.0.jar;C:\Users\16628\.m2\repository\org\springframework\spring-jdbc\5.3.17\spring-jdbc-5.3.17.jar;C:\Users\16628\.m2\repository\org\springframework\spring-beans\5.3.17\spring-beans-5.3.17.jar;C:\Users\16628\.m2\repository\org\springframework\spring-core\5.3.17\spring-core-5.3.17.jar;C:\Users\16628\.m2\repository\org\springframework\spring-jcl\5.3.17\spring-jcl-5.3.17.jar;C:\Users\16628\.m2\repository\org\springframework\spring-tx\5.3.17\spring-tx-5.3.17.jar;C:\Users\16628\.m2\repository\com\alibaba\druid\1.2.8\druid-1.2.8.jar;C:\Users\16628\.m2\repository\javax\annotation\javax.annotation-api\1.3.2\javax.annotation-api-1.3.2.jar;C:\Users\16628\.m2\repository\commons-logging\commons-logging\1.2\commons-logging-1.2.jar;C:\Users\16628\.m2\repository\mysql\mysql-connector-java\8.0.28\mysql-connector-java-8.0.28.jar;C:\Users\16628\.m2\repository\com\google\protobuf\protobuf-java\3.11.4\protobuf-java-3.11.4.jar;C:\Users\16628\.m2\repository\org\apache\taglibs\taglibs-standard-spec\1.2.1\taglibs-standard-spec-1.2.1.jar;C:\Users\16628\.m2\repository\org\apache\taglibs\taglibs-standard-impl\1.2.1\taglibs-standard-impl-1.2.1.jar;C:\Users\16628\.m2\repository\javax\servlet\javax.servlet-api\4.0.1\javax.servlet-api-4.0.1.jar;C:\Users\16628\.m2\repository\org\junit\jupiter\junit-jupiter-api\5.8.1\junit-jupiter-api-5.8.1.jar;C:\Users\16628\.m2\repository\org\opentest4j\opentest4j\1.2.0\opentest4j-1.2.0.jar;C:\Users\16628\.m2\repository\org\junit\platform\junit-platform-commons\1.8.1\junit-platform-commons-1.8.1.jar;C:\Users\16628\.m2\repository\org\apiguardian\apiguardian-api\1.1.2\apiguardian-api-1.1.2.jar;C:\Users\16628\.m2\repository\org\junit\jupiter\junit-jupiter-engine\5.8.1\junit-jupiter-engine-5.8.1.jar;C:\Users\16628\.m2\repository\org\junit\platform\junit-platform-engine\1.8.1\junit-platform-engine-1.8.1.jar;"/>
    <property name="sun.cpu.endian" value="little"/>
    <property name="user.home" value="C:\Users\16628"/>
    <property name="user.language" value="zh"/>
    <property name="java.specification.vendor" value="Oracle Corporation"/>
    <property name="java.version.date" value="2024-07-16"/>
    <property name="java.home" value="D:\Aenvironment_deply\java-21-openjdk-21.0.4.0.7-1"/>
    <property name="file.separator" value="\"/>
    <property name="basedir" value="E:\project\ssls"/>
    <property name="java.vm.compressedOopsMode" value="Zero based"/>
    <property name="line.separator" value="&#10;"/>
    <property name="java.vm.specification.vendor" value="Oracle Corporation"/>
    <property name="java.specification.name" value="Java Platform API Specification"/>
    <property name="surefire.real.class.path" value="C:\Users\16628\AppData\Local\Temp\surefire6653534817940736719\surefirebooter-20241015173835544_3.jar"/>
    <property name="user.script" value=""/>
    <property name="sun.management.compiler" value="HotSpot 64-Bit Tiered Compilers"/>
    <property name="java.runtime.version" value="21.0.4+7-LTS"/>
    <property name="user.name" value="16628"/>
    <property name="stdout.encoding" value="GBK"/>
    <property name="path.separator" value=";"/>
    <property name="os.version" value="10.0"/>
    <property name="java.runtime.name" value="OpenJDK Runtime Environment"/>
    <property name="file.encoding" value="UTF-8"/>
    <property name="java.vm.name" value="OpenJDK 64-Bit Server VM"/>
    <property name="java.vendor.version" value="(Red_Hat-21.0.4.0+7-1)"/>
    <property name="localRepository" value="C:\Users\16628\.m2\repository"/>
    <property name="java.vendor.url.bug" value="https://bugzilla.redhat.com/enter_bug.cgi"/>
    <property name="java.io.tmpdir" value="C:\Users\16628\AppData\Local\Temp\"/>
    <property name="java.version" value="21.0.4"/>
    <property name="user.dir" value="E:\project\ssls"/>
    <property name="os.arch" value="amd64"/>
    <property name="java.vm.specification.name" value="Java Virtual Machine Specification"/>
    <property name="sun.os.patch.level" value=""/>
    <property name="native.encoding" value="GBK"/>
    <property name="java.library.path" value="D:\Aenvironment_deply\java-21-openjdk-21.0.4.0.7-1\bin;C:\Windows\Sun\Java\bin;C:\Windows\system32;C:\Windows;D:\Aenvironment_deply\java-21-openjdk-21.0.4.0.7-1\bin;E:\eAppdata\vmware\bin\;E:\eAppfile\cuda\Development\bin;E:\eAppfile\cuda\Development\libnvvp;C:\Windows\system32;C:\Windows;C:\Windows\System32\Wbem;C:\Windows\System32\WindowsPowerShell\v1.0\;C:\Windows\System32\OpenSSH\;C:\Program Files\NVIDIA Corporation\NVIDIA NvDLISR;C:\Windows\system32;C:\Windows;C:\Windows\System32\Wbem;C:\Windows\System32\WindowsPowerShell\v1.0\;C:\Windows\System32\OpenSSH\;D:\runtime\win64;D:\bin;D:\polyspace\bin;C:\Program Files\MySQL\MySQL Server 5.7\bin;D:\Git\cmd;D:\Mytool\mingw64\bin;C:\Program Files\Calibre2\;D:\apache-tomcat-9.0.72\bin;C:\Program Files\NVIDIA Corporation\Nsight Compute 2022.1.0\;D:\Git\bin;D:\Git\mingw64\libexec\git-core;C:\Program Files\Microsoft SQL Server\Client SDK\ODBC\170\Tools\Binn\;C:\Program Files (x86)\Microsoft SQL Server\150\Tools\Binn\;C:\Program Files\Microsoft SQL Server\150\Tools\Binn\;C:\Program Files\Microsoft SQL Server\150\DTS\Binn\;C:\Program Files (x86)\Windows Kits\8.1\Windows Per;D:\Aenvironment_deply\apache-maven-3.9.9\bin;E:\eAppdata\vc6cn\app\Tools\WinNT;E:\eAppdata\vc6cn\app\MSDev98\Bin;E:\eAppdata\vc6cn\app\Tools;E:\eAppdata\vc6cn\VC98\bin;D:\python\Scripts\;D:\python\;C:\Users\16628\AppData\Local\Microsoft\WindowsApps;;D:\appfile\pyCharm\PyCharm Community Edition 2023.1.1\bin;;C:\Users\16628\AppData\Local\Programs\Microsoft VS Code\bin;D:\appfile\idea\IntelliJ IDEA 2021.3.2\bin;;C:\Users\16628\AppData\Local\Programs\EmEditor;E:\eAppdata\pycharm\PyCharm 2023.3.4\bin;;E:\eAppdata\deveco_studio\deveco\DevEco Studio\bin;;C:\Users\16628\AppData\Roaming\Programs\Zero Install;."/>
    <property name="java.vm.info" value="mixed mode, sharing"/>
    <property name="stderr.encoding" value="GBK"/>
    <property name="java.vendor" value="Red Hat, Inc."/>
    <property name="java.vm.version" value="21.0.4+7-LTS"/>
    <property name="sun.io.unicode.encoding" value="UnicodeLittle"/>
    <property name="java.class.version" value="65.0"/>
  </properties>
  <testcase name="getBookByCategoryId" classname="com.zkz.dao.BookDaoTest" time="0.619">
    <system-out><![CDATA[ppp2
40
Book{id=1, code='b_001', name='《深入理解计算机系统 》', authors='（美）布赖恩特（Bryant,R.E.）等', press='机械工业出版社', imageUrl='1.jpg', description='《深入理解计算机系统》 是理解计算机系统首选书目，是10余万程序员的共同选择。卡内基-梅隆、北京大学、清华大学、上海交通大学等国内外众多知名高校选用指定教材。从程序员视角全面剖析的实现细节，使读者深刻理解程序的行为，将所有计算机系统的相关知识融会贯通', publishDate='2016-11-14 00:00:00', price='114.70', status='不在库', categoryId='1'}
]]></system-out>
    <system-err><![CDATA[10月 15, 2024 5:38:36 下午 com.alibaba.druid.support.logging.JakartaCommonsLoggingImpl info
信息: {dataSource-1} inited
]]></system-err>
  </testcase>
  <testcase name="addBook" classname="com.zkz.dao.BookDaoTest" time="0.022">
    <system-out><![CDATA[true
]]></system-out>
  </testcase>
  <testcase name="updateStatus" classname="com.zkz.dao.BookDaoTest" time="0.018"/>
  <testcase name="bookStatistics" classname="com.zkz.dao.BookDaoTest" time="0.002">
    <system-out><![CDATA[[1, 12, 2, 5, 5, 5, 4, 3, 4]
]]></system-out>
  </testcase>
  <testcase name="getBookById" classname="com.zkz.dao.BookDaoTest" time="0.004">
    <system-out><![CDATA[Book{id=2, code='b_002', name='《Python编程：从入门到实践（第2版）》', authors='埃里克·马瑟斯（Eric Matthes）', press='
人民邮电出版社', imageUrl='2.jpg', description='本书是针对所有层次Python读者而作的Python入门书。全书分两部分：第一部分介绍用Python编程所必须了解的基本概念，包括强大的Python库和工具，以及列表、字典、if语句、类、文件与异常、代码测试等内容；第二部分将理论付诸实践，讲解如何开发三个项目，包括简单的2D游戏、利用数据生成交互式的信息图以及创建和定制简单的Web应用，并帮助读者解决常见编程问题和困惑。第2版进行了全面修订，简化了Python安装流程，新增了f字符串、get()方法等内容，并且在项目中使用了Plotly库以及新版本的Django和Bootstrap，等等。', publishDate='2021-04-01 00:00:00', price='109.80', status='在库', categoryId='2'}
]]></system-out>
  </testcase>
  <testcase name="checkStatus" classname="com.zkz.dao.BookDaoTest" time="0.003">
    <system-out><![CDATA[在库
]]></system-out>
  </testcase>
  <testcase name="editBook" classname="com.zkz.dao.BookDaoTest" time="0.004">
    <system-out><![CDATA[true
]]></system-out>
  </testcase>
  <testcase name="getBookByKey" classname="com.zkz.dao.BookDaoTest" time="0.004">
    <system-out><![CDATA[2
]]></system-out>
  </testcase>
</testsuite>